2015-06-17 15:03:21,451 [http-bio-8090-exec-6] ERROR StackTrace  - Full Stack Trace:
org.springframework.security.authentication.InternalAuthenticationServiceException: Dynamic method get<Artefact>Class(artefactName) requires a single String parameter
	at org.springframework.security.authentication.dao.DaoAuthenticationProvider.retrieveUser(DaoAuthenticationProvider.java:110)
	at org.springframework.security.authentication.dao.AbstractUserDetailsAuthenticationProvider.authenticate(AbstractUserDetailsAuthenticationProvider.java:132)
	at org.springframework.security.authentication.ProviderManager.authenticate(ProviderManager.java:156)
	at org.springframework.security.web.authentication.UsernamePasswordAuthenticationFilter.attemptAuthentication(UsernamePasswordAuthenticationFilter.java:92)
	at grails.plugin.springsecurity.web.authentication.RequestHolderAuthenticationFilter.attemptAuthentication(RequestHolderAuthenticationFilter.java:80)
	at org.springframework.security.web.authentication.AbstractAuthenticationProcessingFilter.doFilter(AbstractAuthenticationProcessingFilter.java:211)
	at grails.plugin.springsecurity.web.authentication.RequestHolderAuthenticationFilter.doFilter(RequestHolderAuthenticationFilter.java:53)
	at org.springframework.security.web.FilterChainProxy$VirtualFilterChain.doFilter(FilterChainProxy.java:342)
	at grails.plugin.springsecurity.web.authentication.logout.MutableLogoutFilter.doFilter(MutableLogoutFilter.java:62)
	at org.springframework.security.web.FilterChainProxy$VirtualFilterChain.doFilter(FilterChainProxy.java:342)
	at org.springframework.security.web.context.SecurityContextPersistenceFilter.doFilter(SecurityContextPersistenceFilter.java:87)
	at org.springframework.security.web.FilterChainProxy$VirtualFilterChain.doFilter(FilterChainProxy.java:342)
	at org.springframework.security.web.FilterChainProxy.doFilterInternal(FilterChainProxy.java:192)
	at org.springframework.security.web.FilterChainProxy.doFilter(FilterChainProxy.java:160)
	at org.springframework.web.filter.DelegatingFilterProxy.invokeDelegate(DelegatingFilterProxy.java:344)
	at org.springframework.web.filter.DelegatingFilterProxy.doFilter(DelegatingFilterProxy.java:261)
	at org.apache.catalina.core.ApplicationFilterChain.internalDoFilter(ApplicationFilterChain.java:241)
	at org.apache.catalina.core.ApplicationFilterChain.doFilter(ApplicationFilterChain.java:208)
	at org.codehaus.groovy.grails.web.servlet.mvc.GrailsWebRequestFilter.doFilterInternal(GrailsWebRequestFilter.java:69)
	at org.springframework.web.filter.OncePerRequestFilter.doFilter(OncePerRequestFilter.java:107)
	at org.apache.catalina.core.ApplicationFilterChain.internalDoFilter(ApplicationFilterChain.java:241)
	at org.apache.catalina.core.ApplicationFilterChain.doFilter(ApplicationFilterChain.java:208)
	at org.codehaus.groovy.grails.web.filters.HiddenHttpMethodFilter.doFilterInternal(HiddenHttpMethodFilter.java:67)
	at org.springframework.web.filter.OncePerRequestFilter.doFilter(OncePerRequestFilter.java:107)
	at org.apache.catalina.core.ApplicationFilterChain.internalDoFilter(ApplicationFilterChain.java:241)
	at org.apache.catalina.core.ApplicationFilterChain.doFilter(ApplicationFilterChain.java:208)
	at org.springframework.web.filter.CharacterEncodingFilter.doFilterInternal(CharacterEncodingFilter.java:88)
	at org.springframework.web.filter.OncePerRequestFilter.doFilter(OncePerRequestFilter.java:107)
	at org.springframework.web.filter.DelegatingFilterProxy.invokeDelegate(DelegatingFilterProxy.java:344)
	at org.springframework.web.filter.DelegatingFilterProxy.doFilter(DelegatingFilterProxy.java:261)
	at org.apache.catalina.core.ApplicationFilterChain.internalDoFilter(ApplicationFilterChain.java:241)
	at org.apache.catalina.core.ApplicationFilterChain.doFilter(ApplicationFilterChain.java:208)
	at org.apache.catalina.core.StandardWrapperValve.invoke(StandardWrapperValve.java:220)
	at org.apache.catalina.core.StandardContextValve.invoke(StandardContextValve.java:122)
	at org.apache.catalina.core.StandardHostValve.invoke(StandardHostValve.java:171)
	at org.apache.catalina.valves.ErrorReportValve.invoke(ErrorReportValve.java:103)
	at org.apache.catalina.core.StandardEngineValve.invoke(StandardEngineValve.java:116)
	at org.apache.catalina.connector.CoyoteAdapter.service(CoyoteAdapter.java:408)
	at org.apache.coyote.http11.AbstractHttp11Processor.process(AbstractHttp11Processor.java:1070)
	at org.apache.coyote.AbstractProtocol$AbstractConnectionHandler.process(AbstractProtocol.java:611)
	at org.apache.tomcat.util.net.JIoEndpoint$SocketProcessor.run(JIoEndpoint.java:316)
	at java.util.concurrent.ThreadPoolExecutor.runWorker(ThreadPoolExecutor.java:1142)
	at java.util.concurrent.ThreadPoolExecutor$Worker.run(ThreadPoolExecutor.java:617)
	at org.apache.tomcat.util.threads.TaskThread$WrappingRunnable.run(TaskThread.java:61)
	at java.lang.Thread.run(Thread.java:745)
Caused by: java.lang.IllegalArgumentException: Dynamic method get<Artefact>Class(artefactName) requires a single String parameter
	at org.codehaus.groovy.grails.commons.DefaultGrailsApplication.invokeMethod(DefaultGrailsApplication.java:615)
	at org.codehaus.groovy.runtime.callsite.PogoMetaClassSite.call(PogoMetaClassSite.java:45)
	at org.codehaus.groovy.runtime.callsite.CallSiteArray.defaultCall(CallSiteArray.java:45)
	at org.codehaus.groovy.runtime.callsite.AbstractCallSite.call(AbstractCallSite.java:108)
	at org.codehaus.groovy.runtime.callsite.AbstractCallSite.call(AbstractCallSite.java:116)
	at grails.plugin.springsecurity.userdetails.GormUserDetailsService.$tt__loadUserByUsername(GormUserDetailsService.groovy:53)
	at grails.plugin.springsecurity.userdetails.GormUserDetailsService$_loadUserByUsername_closure1.doCall(GormUserDetailsService.groovy)
	at sun.reflect.NativeMethodAccessorImpl.invoke0(Native Method)
	at sun.reflect.NativeMethodAccessorImpl.invoke(NativeMethodAccessorImpl.java:62)
	at sun.reflect.DelegatingMethodAccessorImpl.invoke(DelegatingMethodAccessorImpl.java:43)
	at java.lang.reflect.Method.invoke(Method.java:497)
	at org.springsource.loaded.ri.ReflectiveInterceptor.jlrMethodInvoke(ReflectiveInterceptor.java:1270)
	at org.codehaus.groovy.reflection.CachedMethod.invoke(CachedMethod.java:90)
	at groovy.lang.MetaMethod.doMethodInvoke(MetaMethod.java:324)
	at groovy.lang.MetaClassImpl.invokeMethod(MetaClassImpl.java:1207)
	at groovy.lang.ExpandoMetaClass.invokeMethod(ExpandoMetaClass.java:1110)
	at groovy.lang.MetaClassImpl.invokeMethod(MetaClassImpl.java:1016)
	at groovy.lang.Closure.call(Closure.java:423)
	at groovy.lang.Closure.call(Closure.java:439)
	at org.codehaus.groovy.grails.orm.support.GrailsTransactionTemplate$2.doInTransaction(GrailsTransactionTemplate.groovy:88)
	at org.springframework.transaction.support.TransactionTemplate.execute(TransactionTemplate.java:133)
	at org.codehaus.groovy.grails.orm.support.GrailsTransactionTemplate.execute(GrailsTransactionTemplate.groovy:85)
	at grails.plugin.springsecurity.userdetails.GormUserDetailsService.loadUserByUsername(GormUserDetailsService.groovy)
	at grails.plugin.springsecurity.userdetails.GormUserDetailsService.loadUserByUsername(GormUserDetailsService.groovy:71)
	at org.springframework.security.authentication.dao.DaoAuthenticationProvider.retrieveUser(DaoAuthenticationProvider.java:102)
	... 44 more
2015-06-17 15:03:21,464 [http-bio-8090-exec-6] ERROR StackTrace  - Full Stack Trace:
java.lang.IllegalArgumentException: Dynamic method get<Artefact>Class(artefactName) requires a single String parameter
	at org.codehaus.groovy.grails.commons.DefaultGrailsApplication.invokeMethod(DefaultGrailsApplication.java:615)
	at org.codehaus.groovy.runtime.callsite.PogoMetaClassSite.call(PogoMetaClassSite.java:45)
	at org.codehaus.groovy.runtime.callsite.CallSiteArray.defaultCall(CallSiteArray.java:45)
	at org.codehaus.groovy.runtime.callsite.AbstractCallSite.call(AbstractCallSite.java:108)
	at org.codehaus.groovy.runtime.callsite.AbstractCallSite.call(AbstractCallSite.java:116)
	at grails.plugin.springsecurity.userdetails.GormUserDetailsService.$tt__loadUserByUsername(GormUserDetailsService.groovy:53)
	at grails.plugin.springsecurity.userdetails.GormUserDetailsService$_loadUserByUsername_closure1.doCall(GormUserDetailsService.groovy)
	at sun.reflect.NativeMethodAccessorImpl.invoke0(Native Method)
	at sun.reflect.NativeMethodAccessorImpl.invoke(NativeMethodAccessorImpl.java:62)
	at sun.reflect.DelegatingMethodAccessorImpl.invoke(DelegatingMethodAccessorImpl.java:43)
	at java.lang.reflect.Method.invoke(Method.java:497)
	at org.springsource.loaded.ri.ReflectiveInterceptor.jlrMethodInvoke(ReflectiveInterceptor.java:1270)
	at org.codehaus.groovy.reflection.CachedMethod.invoke(CachedMethod.java:90)
	at groovy.lang.MetaMethod.doMethodInvoke(MetaMethod.java:324)
	at groovy.lang.MetaClassImpl.invokeMethod(MetaClassImpl.java:1207)
	at groovy.lang.ExpandoMetaClass.invokeMethod(ExpandoMetaClass.java:1110)
	at groovy.lang.MetaClassImpl.invokeMethod(MetaClassImpl.java:1016)
	at groovy.lang.Closure.call(Closure.java:423)
	at groovy.lang.Closure.call(Closure.java:439)
	at org.codehaus.groovy.grails.orm.support.GrailsTransactionTemplate$2.doInTransaction(GrailsTransactionTemplate.groovy:88)
	at org.springframework.transaction.support.TransactionTemplate.execute(TransactionTemplate.java:133)
	at org.codehaus.groovy.grails.orm.support.GrailsTransactionTemplate.execute(GrailsTransactionTemplate.groovy:85)
	at grails.plugin.springsecurity.userdetails.GormUserDetailsService.loadUserByUsername(GormUserDetailsService.groovy)
	at grails.plugin.springsecurity.userdetails.GormUserDetailsService.loadUserByUsername(GormUserDetailsService.groovy:71)
	at org.springframework.security.authentication.dao.DaoAuthenticationProvider.retrieveUser(DaoAuthenticationProvider.java:102)
	at org.springframework.security.authentication.dao.AbstractUserDetailsAuthenticationProvider.authenticate(AbstractUserDetailsAuthenticationProvider.java:132)
	at org.springframework.security.authentication.ProviderManager.authenticate(ProviderManager.java:156)
	at org.springframework.security.web.authentication.UsernamePasswordAuthenticationFilter.attemptAuthentication(UsernamePasswordAuthenticationFilter.java:92)
	at grails.plugin.springsecurity.web.authentication.RequestHolderAuthenticationFilter.attemptAuthentication(RequestHolderAuthenticationFilter.java:80)
	at org.springframework.security.web.authentication.AbstractAuthenticationProcessingFilter.doFilter(AbstractAuthenticationProcessingFilter.java:211)
	at grails.plugin.springsecurity.web.authentication.RequestHolderAuthenticationFilter.doFilter(RequestHolderAuthenticationFilter.java:53)
	at org.springframework.security.web.FilterChainProxy$VirtualFilterChain.doFilter(FilterChainProxy.java:342)
	at grails.plugin.springsecurity.web.authentication.logout.MutableLogoutFilter.doFilter(MutableLogoutFilter.java:62)
	at org.springframework.security.web.FilterChainProxy$VirtualFilterChain.doFilter(FilterChainProxy.java:342)
	at org.springframework.security.web.context.SecurityContextPersistenceFilter.doFilter(SecurityContextPersistenceFilter.java:87)
	at org.springframework.security.web.FilterChainProxy$VirtualFilterChain.doFilter(FilterChainProxy.java:342)
	at org.springframework.security.web.FilterChainProxy.doFilterInternal(FilterChainProxy.java:192)
	at org.springframework.security.web.FilterChainProxy.doFilter(FilterChainProxy.java:160)
	at org.springframework.web.filter.DelegatingFilterProxy.invokeDelegate(DelegatingFilterProxy.java:344)
	at org.springframework.web.filter.DelegatingFilterProxy.doFilter(DelegatingFilterProxy.java:261)
	at org.apache.catalina.core.ApplicationFilterChain.internalDoFilter(ApplicationFilterChain.java:241)
	at org.apache.catalina.core.ApplicationFilterChain.doFilter(ApplicationFilterChain.java:208)
	at org.codehaus.groovy.grails.web.servlet.mvc.GrailsWebRequestFilter.doFilterInternal(GrailsWebRequestFilter.java:69)
	at org.springframework.web.filter.OncePerRequestFilter.doFilter(OncePerRequestFilter.java:107)
	at org.apache.catalina.core.ApplicationFilterChain.internalDoFilter(ApplicationFilterChain.java:241)
	at org.apache.catalina.core.ApplicationFilterChain.doFilter(ApplicationFilterChain.java:208)
	at org.codehaus.groovy.grails.web.filters.HiddenHttpMethodFilter.doFilterInternal(HiddenHttpMethodFilter.java:67)
	at org.springframework.web.filter.OncePerRequestFilter.doFilter(OncePerRequestFilter.java:107)
	at org.apache.catalina.core.ApplicationFilterChain.internalDoFilter(ApplicationFilterChain.java:241)
	at org.apache.catalina.core.ApplicationFilterChain.doFilter(ApplicationFilterChain.java:208)
	at org.springframework.web.filter.CharacterEncodingFilter.doFilterInternal(CharacterEncodingFilter.java:88)
	at org.springframework.web.filter.OncePerRequestFilter.doFilter(OncePerRequestFilter.java:107)
	at org.springframework.web.filter.DelegatingFilterProxy.invokeDelegate(DelegatingFilterProxy.java:344)
	at org.springframework.web.filter.DelegatingFilterProxy.doFilter(DelegatingFilterProxy.java:261)
	at org.apache.catalina.core.ApplicationFilterChain.internalDoFilter(ApplicationFilterChain.java:241)
	at org.apache.catalina.core.ApplicationFilterChain.doFilter(ApplicationFilterChain.java:208)
	at org.apache.catalina.core.StandardWrapperValve.invoke(StandardWrapperValve.java:220)
	at org.apache.catalina.core.StandardContextValve.invoke(StandardContextValve.java:122)
	at org.apache.catalina.core.StandardHostValve.invoke(StandardHostValve.java:171)
	at org.apache.catalina.valves.ErrorReportValve.invoke(ErrorReportValve.java:103)
	at org.apache.catalina.core.StandardEngineValve.invoke(StandardEngineValve.java:116)
	at org.apache.catalina.connector.CoyoteAdapter.service(CoyoteAdapter.java:408)
	at org.apache.coyote.http11.AbstractHttp11Processor.process(AbstractHttp11Processor.java:1070)
	at org.apache.coyote.AbstractProtocol$AbstractConnectionHandler.process(AbstractProtocol.java:611)
	at org.apache.tomcat.util.net.JIoEndpoint$SocketProcessor.run(JIoEndpoint.java:316)
	at java.util.concurrent.ThreadPoolExecutor.runWorker(ThreadPoolExecutor.java:1142)
	at java.util.concurrent.ThreadPoolExecutor$Worker.run(ThreadPoolExecutor.java:617)
	at org.apache.tomcat.util.threads.TaskThread$WrappingRunnable.run(TaskThread.java:61)
	at java.lang.Thread.run(Thread.java:745)
2015-06-17 15:03:21,466 [http-bio-8090-exec-6] ERROR StackTrace  - Full Stack Trace:
org.springframework.security.authentication.InternalAuthenticationServiceException: Dynamic method get<Artefact>Class(artefactName) requires a single String parameter
	at grails.plugin.springsecurity.web.authentication.RequestHolderAuthenticationFilter.attemptAuthentication(RequestHolderAuthenticationFilter.java:80)
	at grails.plugin.springsecurity.web.authentication.RequestHolderAuthenticationFilter.doFilter(RequestHolderAuthenticationFilter.java:53)
	at grails.plugin.springsecurity.web.authentication.logout.MutableLogoutFilter.doFilter(MutableLogoutFilter.java:62)
	at java.util.concurrent.ThreadPoolExecutor.runWorker(ThreadPoolExecutor.java:1142)
	at java.util.concurrent.ThreadPoolExecutor$Worker.run(ThreadPoolExecutor.java:617)
	at java.lang.Thread.run(Thread.java:745)
Caused by: java.lang.IllegalArgumentException: Dynamic method get<Artefact>Class(artefactName) requires a single String parameter
	at grails.plugin.springsecurity.userdetails.GormUserDetailsService.$tt__loadUserByUsername(GormUserDetailsService.groovy:53)
	at grails.plugin.springsecurity.userdetails.GormUserDetailsService.loadUserByUsername(GormUserDetailsService.groovy:71)
	... 6 more
2015-06-17 15:03:21,473 [http-bio-8090-exec-6] ERROR StackTrace  - Full Stack Trace:
org.springframework.security.authentication.InternalAuthenticationServiceException: Dynamic method get<Artefact>Class(artefactName) requires a single String parameter
	at grails.plugin.springsecurity.web.authentication.RequestHolderAuthenticationFilter.attemptAuthentication(RequestHolderAuthenticationFilter.java:80)
	at grails.plugin.springsecurity.web.authentication.RequestHolderAuthenticationFilter.doFilter(RequestHolderAuthenticationFilter.java:53)
	at grails.plugin.springsecurity.web.authentication.logout.MutableLogoutFilter.doFilter(MutableLogoutFilter.java:62)
	at java.util.concurrent.ThreadPoolExecutor.runWorker(ThreadPoolExecutor.java:1142)
	at java.util.concurrent.ThreadPoolExecutor$Worker.run(ThreadPoolExecutor.java:617)
	at java.lang.Thread.run(Thread.java:745)
Caused by: java.lang.IllegalArgumentException: Dynamic method get<Artefact>Class(artefactName) requires a single String parameter
	at grails.plugin.springsecurity.userdetails.GormUserDetailsService.$tt__loadUserByUsername(GormUserDetailsService.groovy:53)
	at grails.plugin.springsecurity.userdetails.GormUserDetailsService.loadUserByUsername(GormUserDetailsService.groovy:71)
	... 6 more
2015-06-17 15:03:21,474 [http-bio-8090-exec-6] ERROR StackTrace  - Full Stack Trace:
java.lang.IllegalArgumentException: Dynamic method get<Artefact>Class(artefactName) requires a single String parameter
	at grails.plugin.springsecurity.userdetails.GormUserDetailsService.$tt__loadUserByUsername(GormUserDetailsService.groovy:53)
	at grails.plugin.springsecurity.userdetails.GormUserDetailsService.loadUserByUsername(GormUserDetailsService.groovy:71)
	at grails.plugin.springsecurity.web.authentication.RequestHolderAuthenticationFilter.attemptAuthentication(RequestHolderAuthenticationFilter.java:80)
	at grails.plugin.springsecurity.web.authentication.RequestHolderAuthenticationFilter.doFilter(RequestHolderAuthenticationFilter.java:53)
	at grails.plugin.springsecurity.web.authentication.logout.MutableLogoutFilter.doFilter(MutableLogoutFilter.java:62)
	at java.util.concurrent.ThreadPoolExecutor.runWorker(ThreadPoolExecutor.java:1142)
	at java.util.concurrent.ThreadPoolExecutor$Worker.run(ThreadPoolExecutor.java:617)
	at java.lang.Thread.run(Thread.java:745)
2015-06-17 15:03:21,474 [http-bio-8090-exec-6] ERROR StackTrace  - Full Stack Trace:
org.springframework.security.authentication.InternalAuthenticationServiceException: Dynamic method get<Artefact>Class(artefactName) requires a single String parameter
	at grails.plugin.springsecurity.web.authentication.RequestHolderAuthenticationFilter.attemptAuthentication(RequestHolderAuthenticationFilter.java:80)
	at grails.plugin.springsecurity.web.authentication.RequestHolderAuthenticationFilter.doFilter(RequestHolderAuthenticationFilter.java:53)
	at grails.plugin.springsecurity.web.authentication.logout.MutableLogoutFilter.doFilter(MutableLogoutFilter.java:62)
	at java.util.concurrent.ThreadPoolExecutor.runWorker(ThreadPoolExecutor.java:1142)
	at java.util.concurrent.ThreadPoolExecutor$Worker.run(ThreadPoolExecutor.java:617)
	at java.lang.Thread.run(Thread.java:745)
Caused by: java.lang.IllegalArgumentException: Dynamic method get<Artefact>Class(artefactName) requires a single String parameter
	at grails.plugin.springsecurity.userdetails.GormUserDetailsService.$tt__loadUserByUsername(GormUserDetailsService.groovy:53)
	at grails.plugin.springsecurity.userdetails.GormUserDetailsService.loadUserByUsername(GormUserDetailsService.groovy:71)
	... 6 more
2015-06-17 15:03:38,390 [http-bio-8090-exec-6] ERROR StackTrace  - Full Stack Trace:
org.springframework.security.authentication.InternalAuthenticationServiceException: Dynamic method get<Artefact>Class(artefactName) requires a single String parameter
	at org.springframework.security.authentication.dao.DaoAuthenticationProvider.retrieveUser(DaoAuthenticationProvider.java:110)
	at org.springframework.security.authentication.dao.AbstractUserDetailsAuthenticationProvider.authenticate(AbstractUserDetailsAuthenticationProvider.java:132)
	at org.springframework.security.authentication.ProviderManager.authenticate(ProviderManager.java:156)
	at org.springframework.security.web.authentication.UsernamePasswordAuthenticationFilter.attemptAuthentication(UsernamePasswordAuthenticationFilter.java:92)
	at grails.plugin.springsecurity.web.authentication.RequestHolderAuthenticationFilter.attemptAuthentication(RequestHolderAuthenticationFilter.java:80)
	at org.springframework.security.web.authentication.AbstractAuthenticationProcessingFilter.doFilter(AbstractAuthenticationProcessingFilter.java:211)
	at grails.plugin.springsecurity.web.authentication.RequestHolderAuthenticationFilter.doFilter(RequestHolderAuthenticationFilter.java:53)
	at org.springframework.security.web.FilterChainProxy$VirtualFilterChain.doFilter(FilterChainProxy.java:342)
	at grails.plugin.springsecurity.web.authentication.logout.MutableLogoutFilter.doFilter(MutableLogoutFilter.java:62)
	at org.springframework.security.web.FilterChainProxy$VirtualFilterChain.doFilter(FilterChainProxy.java:342)
	at org.springframework.security.web.context.SecurityContextPersistenceFilter.doFilter(SecurityContextPersistenceFilter.java:87)
	at org.springframework.security.web.FilterChainProxy$VirtualFilterChain.doFilter(FilterChainProxy.java:342)
	at org.springframework.security.web.FilterChainProxy.doFilterInternal(FilterChainProxy.java:192)
	at org.springframework.security.web.FilterChainProxy.doFilter(FilterChainProxy.java:160)
	at org.springframework.web.filter.DelegatingFilterProxy.invokeDelegate(DelegatingFilterProxy.java:344)
	at org.springframework.web.filter.DelegatingFilterProxy.doFilter(DelegatingFilterProxy.java:261)
	at org.apache.catalina.core.ApplicationFilterChain.internalDoFilter(ApplicationFilterChain.java:241)
	at org.apache.catalina.core.ApplicationFilterChain.doFilter(ApplicationFilterChain.java:208)
	at org.codehaus.groovy.grails.web.servlet.mvc.GrailsWebRequestFilter.doFilterInternal(GrailsWebRequestFilter.java:69)
	at org.springframework.web.filter.OncePerRequestFilter.doFilter(OncePerRequestFilter.java:107)
	at org.apache.catalina.core.ApplicationFilterChain.internalDoFilter(ApplicationFilterChain.java:241)
	at org.apache.catalina.core.ApplicationFilterChain.doFilter(ApplicationFilterChain.java:208)
	at org.codehaus.groovy.grails.web.filters.HiddenHttpMethodFilter.doFilterInternal(HiddenHttpMethodFilter.java:67)
	at org.springframework.web.filter.OncePerRequestFilter.doFilter(OncePerRequestFilter.java:107)
	at org.apache.catalina.core.ApplicationFilterChain.internalDoFilter(ApplicationFilterChain.java:241)
	at org.apache.catalina.core.ApplicationFilterChain.doFilter(ApplicationFilterChain.java:208)
	at org.springframework.web.filter.CharacterEncodingFilter.doFilterInternal(CharacterEncodingFilter.java:88)
	at org.springframework.web.filter.OncePerRequestFilter.doFilter(OncePerRequestFilter.java:107)
	at org.springframework.web.filter.DelegatingFilterProxy.invokeDelegate(DelegatingFilterProxy.java:344)
	at org.springframework.web.filter.DelegatingFilterProxy.doFilter(DelegatingFilterProxy.java:261)
	at org.apache.catalina.core.ApplicationFilterChain.internalDoFilter(ApplicationFilterChain.java:241)
	at org.apache.catalina.core.ApplicationFilterChain.doFilter(ApplicationFilterChain.java:208)
	at org.apache.catalina.core.StandardWrapperValve.invoke(StandardWrapperValve.java:220)
	at org.apache.catalina.core.StandardContextValve.invoke(StandardContextValve.java:122)
	at org.apache.catalina.core.StandardHostValve.invoke(StandardHostValve.java:171)
	at org.apache.catalina.valves.ErrorReportValve.invoke(ErrorReportValve.java:103)
	at org.apache.catalina.core.StandardEngineValve.invoke(StandardEngineValve.java:116)
	at org.apache.catalina.connector.CoyoteAdapter.service(CoyoteAdapter.java:408)
	at org.apache.coyote.http11.AbstractHttp11Processor.process(AbstractHttp11Processor.java:1070)
	at org.apache.coyote.AbstractProtocol$AbstractConnectionHandler.process(AbstractProtocol.java:611)
	at org.apache.tomcat.util.net.JIoEndpoint$SocketProcessor.run(JIoEndpoint.java:316)
	at java.util.concurrent.ThreadPoolExecutor.runWorker(ThreadPoolExecutor.java:1142)
	at java.util.concurrent.ThreadPoolExecutor$Worker.run(ThreadPoolExecutor.java:617)
	at org.apache.tomcat.util.threads.TaskThread$WrappingRunnable.run(TaskThread.java:61)
	at java.lang.Thread.run(Thread.java:745)
Caused by: java.lang.IllegalArgumentException: Dynamic method get<Artefact>Class(artefactName) requires a single String parameter
	at org.codehaus.groovy.grails.commons.DefaultGrailsApplication.invokeMethod(DefaultGrailsApplication.java:615)
	at org.codehaus.groovy.runtime.callsite.PogoMetaClassSite.call(PogoMetaClassSite.java:45)
	at org.codehaus.groovy.runtime.callsite.AbstractCallSite.call(AbstractCallSite.java:116)
	at grails.plugin.springsecurity.userdetails.GormUserDetailsService.$tt__loadUserByUsername(GormUserDetailsService.groovy:53)
	at grails.plugin.springsecurity.userdetails.GormUserDetailsService$_loadUserByUsername_closure1.doCall(GormUserDetailsService.groovy)
	at sun.reflect.NativeMethodAccessorImpl.invoke0(Native Method)
	at sun.reflect.NativeMethodAccessorImpl.invoke(NativeMethodAccessorImpl.java:62)
	at sun.reflect.DelegatingMethodAccessorImpl.invoke(DelegatingMethodAccessorImpl.java:43)
	at java.lang.reflect.Method.invoke(Method.java:497)
	at org.springsource.loaded.ri.ReflectiveInterceptor.jlrMethodInvoke(ReflectiveInterceptor.java:1270)
	at org.codehaus.groovy.reflection.CachedMethod.invoke(CachedMethod.java:90)
	at groovy.lang.MetaMethod.doMethodInvoke(MetaMethod.java:324)
	at groovy.lang.MetaClassImpl.invokeMethod(MetaClassImpl.java:1207)
	at groovy.lang.ExpandoMetaClass.invokeMethod(ExpandoMetaClass.java:1110)
	at groovy.lang.MetaClassImpl.invokeMethod(MetaClassImpl.java:1016)
	at groovy.lang.Closure.call(Closure.java:423)
	at groovy.lang.Closure.call(Closure.java:439)
	at org.codehaus.groovy.grails.orm.support.GrailsTransactionTemplate$2.doInTransaction(GrailsTransactionTemplate.groovy:88)
	at org.springframework.transaction.support.TransactionTemplate.execute(TransactionTemplate.java:133)
	at org.codehaus.groovy.grails.orm.support.GrailsTransactionTemplate.execute(GrailsTransactionTemplate.groovy:85)
	at grails.plugin.springsecurity.userdetails.GormUserDetailsService.loadUserByUsername(GormUserDetailsService.groovy)
	at grails.plugin.springsecurity.userdetails.GormUserDetailsService.loadUserByUsername(GormUserDetailsService.groovy:71)
	at org.springframework.security.authentication.dao.DaoAuthenticationProvider.retrieveUser(DaoAuthenticationProvider.java:102)
	... 44 more
2015-06-17 15:03:38,391 [http-bio-8090-exec-6] ERROR StackTrace  - Full Stack Trace:
java.lang.IllegalArgumentException: Dynamic method get<Artefact>Class(artefactName) requires a single String parameter
	at org.codehaus.groovy.grails.commons.DefaultGrailsApplication.invokeMethod(DefaultGrailsApplication.java:615)
	at org.codehaus.groovy.runtime.callsite.PogoMetaClassSite.call(PogoMetaClassSite.java:45)
	at org.codehaus.groovy.runtime.callsite.AbstractCallSite.call(AbstractCallSite.java:116)
	at grails.plugin.springsecurity.userdetails.GormUserDetailsService.$tt__loadUserByUsername(GormUserDetailsService.groovy:53)
	at grails.plugin.springsecurity.userdetails.GormUserDetailsService$_loadUserByUsername_closure1.doCall(GormUserDetailsService.groovy)
	at sun.reflect.NativeMethodAccessorImpl.invoke0(Native Method)
	at sun.reflect.NativeMethodAccessorImpl.invoke(NativeMethodAccessorImpl.java:62)
	at sun.reflect.DelegatingMethodAccessorImpl.invoke(DelegatingMethodAccessorImpl.java:43)
	at java.lang.reflect.Method.invoke(Method.java:497)
	at org.springsource.loaded.ri.ReflectiveInterceptor.jlrMethodInvoke(ReflectiveInterceptor.java:1270)
	at org.codehaus.groovy.reflection.CachedMethod.invoke(CachedMethod.java:90)
	at groovy.lang.MetaMethod.doMethodInvoke(MetaMethod.java:324)
	at groovy.lang.MetaClassImpl.invokeMethod(MetaClassImpl.java:1207)
	at groovy.lang.ExpandoMetaClass.invokeMethod(ExpandoMetaClass.java:1110)
	at groovy.lang.MetaClassImpl.invokeMethod(MetaClassImpl.java:1016)
	at groovy.lang.Closure.call(Closure.java:423)
	at groovy.lang.Closure.call(Closure.java:439)
	at org.codehaus.groovy.grails.orm.support.GrailsTransactionTemplate$2.doInTransaction(GrailsTransactionTemplate.groovy:88)
	at org.springframework.transaction.support.TransactionTemplate.execute(TransactionTemplate.java:133)
	at org.codehaus.groovy.grails.orm.support.GrailsTransactionTemplate.execute(GrailsTransactionTemplate.groovy:85)
	at grails.plugin.springsecurity.userdetails.GormUserDetailsService.loadUserByUsername(GormUserDetailsService.groovy)
	at grails.plugin.springsecurity.userdetails.GormUserDetailsService.loadUserByUsername(GormUserDetailsService.groovy:71)
	at org.springframework.security.authentication.dao.DaoAuthenticationProvider.retrieveUser(DaoAuthenticationProvider.java:102)
	at org.springframework.security.authentication.dao.AbstractUserDetailsAuthenticationProvider.authenticate(AbstractUserDetailsAuthenticationProvider.java:132)
	at org.springframework.security.authentication.ProviderManager.authenticate(ProviderManager.java:156)
	at org.springframework.security.web.authentication.UsernamePasswordAuthenticationFilter.attemptAuthentication(UsernamePasswordAuthenticationFilter.java:92)
	at grails.plugin.springsecurity.web.authentication.RequestHolderAuthenticationFilter.attemptAuthentication(RequestHolderAuthenticationFilter.java:80)
	at org.springframework.security.web.authentication.AbstractAuthenticationProcessingFilter.doFilter(AbstractAuthenticationProcessingFilter.java:211)
	at grails.plugin.springsecurity.web.authentication.RequestHolderAuthenticationFilter.doFilter(RequestHolderAuthenticationFilter.java:53)
	at org.springframework.security.web.FilterChainProxy$VirtualFilterChain.doFilter(FilterChainProxy.java:342)
	at grails.plugin.springsecurity.web.authentication.logout.MutableLogoutFilter.doFilter(MutableLogoutFilter.java:62)
	at org.springframework.security.web.FilterChainProxy$VirtualFilterChain.doFilter(FilterChainProxy.java:342)
	at org.springframework.security.web.context.SecurityContextPersistenceFilter.doFilter(SecurityContextPersistenceFilter.java:87)
	at org.springframework.security.web.FilterChainProxy$VirtualFilterChain.doFilter(FilterChainProxy.java:342)
	at org.springframework.security.web.FilterChainProxy.doFilterInternal(FilterChainProxy.java:192)
	at org.springframework.security.web.FilterChainProxy.doFilter(FilterChainProxy.java:160)
	at org.springframework.web.filter.DelegatingFilterProxy.invokeDelegate(DelegatingFilterProxy.java:344)
	at org.springframework.web.filter.DelegatingFilterProxy.doFilter(DelegatingFilterProxy.java:261)
	at org.apache.catalina.core.ApplicationFilterChain.internalDoFilter(ApplicationFilterChain.java:241)
	at org.apache.catalina.core.ApplicationFilterChain.doFilter(ApplicationFilterChain.java:208)
	at org.codehaus.groovy.grails.web.servlet.mvc.GrailsWebRequestFilter.doFilterInternal(GrailsWebRequestFilter.java:69)
	at org.springframework.web.filter.OncePerRequestFilter.doFilter(OncePerRequestFilter.java:107)
	at org.apache.catalina.core.ApplicationFilterChain.internalDoFilter(ApplicationFilterChain.java:241)
	at org.apache.catalina.core.ApplicationFilterChain.doFilter(ApplicationFilterChain.java:208)
	at org.codehaus.groovy.grails.web.filters.HiddenHttpMethodFilter.doFilterInternal(HiddenHttpMethodFilter.java:67)
	at org.springframework.web.filter.OncePerRequestFilter.doFilter(OncePerRequestFilter.java:107)
	at org.apache.catalina.core.ApplicationFilterChain.internalDoFilter(ApplicationFilterChain.java:241)
	at org.apache.catalina.core.ApplicationFilterChain.doFilter(ApplicationFilterChain.java:208)
	at org.springframework.web.filter.CharacterEncodingFilter.doFilterInternal(CharacterEncodingFilter.java:88)
	at org.springframework.web.filter.OncePerRequestFilter.doFilter(OncePerRequestFilter.java:107)
	at org.springframework.web.filter.DelegatingFilterProxy.invokeDelegate(DelegatingFilterProxy.java:344)
	at org.springframework.web.filter.DelegatingFilterProxy.doFilter(DelegatingFilterProxy.java:261)
	at org.apache.catalina.core.ApplicationFilterChain.internalDoFilter(ApplicationFilterChain.java:241)
	at org.apache.catalina.core.ApplicationFilterChain.doFilter(ApplicationFilterChain.java:208)
	at org.apache.catalina.core.StandardWrapperValve.invoke(StandardWrapperValve.java:220)
	at org.apache.catalina.core.StandardContextValve.invoke(StandardContextValve.java:122)
	at org.apache.catalina.core.StandardHostValve.invoke(StandardHostValve.java:171)
	at org.apache.catalina.valves.ErrorReportValve.invoke(ErrorReportValve.java:103)
	at org.apache.catalina.core.StandardEngineValve.invoke(StandardEngineValve.java:116)
	at org.apache.catalina.connector.CoyoteAdapter.service(CoyoteAdapter.java:408)
	at org.apache.coyote.http11.AbstractHttp11Processor.process(AbstractHttp11Processor.java:1070)
	at org.apache.coyote.AbstractProtocol$AbstractConnectionHandler.process(AbstractProtocol.java:611)
	at org.apache.tomcat.util.net.JIoEndpoint$SocketProcessor.run(JIoEndpoint.java:316)
	at java.util.concurrent.ThreadPoolExecutor.runWorker(ThreadPoolExecutor.java:1142)
	at java.util.concurrent.ThreadPoolExecutor$Worker.run(ThreadPoolExecutor.java:617)
	at org.apache.tomcat.util.threads.TaskThread$WrappingRunnable.run(TaskThread.java:61)
	at java.lang.Thread.run(Thread.java:745)
2015-06-17 15:03:38,392 [http-bio-8090-exec-6] ERROR StackTrace  - Full Stack Trace:
org.springframework.security.authentication.InternalAuthenticationServiceException: Dynamic method get<Artefact>Class(artefactName) requires a single String parameter
	at grails.plugin.springsecurity.web.authentication.RequestHolderAuthenticationFilter.attemptAuthentication(RequestHolderAuthenticationFilter.java:80)
	at grails.plugin.springsecurity.web.authentication.RequestHolderAuthenticationFilter.doFilter(RequestHolderAuthenticationFilter.java:53)
	at grails.plugin.springsecurity.web.authentication.logout.MutableLogoutFilter.doFilter(MutableLogoutFilter.java:62)
	at java.util.concurrent.ThreadPoolExecutor.runWorker(ThreadPoolExecutor.java:1142)
	at java.util.concurrent.ThreadPoolExecutor$Worker.run(ThreadPoolExecutor.java:617)
	at java.lang.Thread.run(Thread.java:745)
Caused by: java.lang.IllegalArgumentException: Dynamic method get<Artefact>Class(artefactName) requires a single String parameter
	at grails.plugin.springsecurity.userdetails.GormUserDetailsService.$tt__loadUserByUsername(GormUserDetailsService.groovy:53)
	at grails.plugin.springsecurity.userdetails.GormUserDetailsService.loadUserByUsername(GormUserDetailsService.groovy:71)
	... 6 more
2015-06-17 15:03:38,392 [http-bio-8090-exec-6] ERROR StackTrace  - Full Stack Trace:
org.springframework.security.authentication.InternalAuthenticationServiceException: Dynamic method get<Artefact>Class(artefactName) requires a single String parameter
	at grails.plugin.springsecurity.web.authentication.RequestHolderAuthenticationFilter.attemptAuthentication(RequestHolderAuthenticationFilter.java:80)
	at grails.plugin.springsecurity.web.authentication.RequestHolderAuthenticationFilter.doFilter(RequestHolderAuthenticationFilter.java:53)
	at grails.plugin.springsecurity.web.authentication.logout.MutableLogoutFilter.doFilter(MutableLogoutFilter.java:62)
	at java.util.concurrent.ThreadPoolExecutor.runWorker(ThreadPoolExecutor.java:1142)
	at java.util.concurrent.ThreadPoolExecutor$Worker.run(ThreadPoolExecutor.java:617)
	at java.lang.Thread.run(Thread.java:745)
Caused by: java.lang.IllegalArgumentException: Dynamic method get<Artefact>Class(artefactName) requires a single String parameter
	at grails.plugin.springsecurity.userdetails.GormUserDetailsService.$tt__loadUserByUsername(GormUserDetailsService.groovy:53)
	at grails.plugin.springsecurity.userdetails.GormUserDetailsService.loadUserByUsername(GormUserDetailsService.groovy:71)
	... 6 more
2015-06-17 15:03:38,393 [http-bio-8090-exec-6] ERROR StackTrace  - Full Stack Trace:
java.lang.IllegalArgumentException: Dynamic method get<Artefact>Class(artefactName) requires a single String parameter
	at grails.plugin.springsecurity.userdetails.GormUserDetailsService.$tt__loadUserByUsername(GormUserDetailsService.groovy:53)
	at grails.plugin.springsecurity.userdetails.GormUserDetailsService.loadUserByUsername(GormUserDetailsService.groovy:71)
	at grails.plugin.springsecurity.web.authentication.RequestHolderAuthenticationFilter.attemptAuthentication(RequestHolderAuthenticationFilter.java:80)
	at grails.plugin.springsecurity.web.authentication.RequestHolderAuthenticationFilter.doFilter(RequestHolderAuthenticationFilter.java:53)
	at grails.plugin.springsecurity.web.authentication.logout.MutableLogoutFilter.doFilter(MutableLogoutFilter.java:62)
	at java.util.concurrent.ThreadPoolExecutor.runWorker(ThreadPoolExecutor.java:1142)
	at java.util.concurrent.ThreadPoolExecutor$Worker.run(ThreadPoolExecutor.java:617)
	at java.lang.Thread.run(Thread.java:745)
2015-06-17 15:03:38,393 [http-bio-8090-exec-6] ERROR StackTrace  - Full Stack Trace:
org.springframework.security.authentication.InternalAuthenticationServiceException: Dynamic method get<Artefact>Class(artefactName) requires a single String parameter
	at grails.plugin.springsecurity.web.authentication.RequestHolderAuthenticationFilter.attemptAuthentication(RequestHolderAuthenticationFilter.java:80)
	at grails.plugin.springsecurity.web.authentication.RequestHolderAuthenticationFilter.doFilter(RequestHolderAuthenticationFilter.java:53)
	at grails.plugin.springsecurity.web.authentication.logout.MutableLogoutFilter.doFilter(MutableLogoutFilter.java:62)
	at java.util.concurrent.ThreadPoolExecutor.runWorker(ThreadPoolExecutor.java:1142)
	at java.util.concurrent.ThreadPoolExecutor$Worker.run(ThreadPoolExecutor.java:617)
	at java.lang.Thread.run(Thread.java:745)
Caused by: java.lang.IllegalArgumentException: Dynamic method get<Artefact>Class(artefactName) requires a single String parameter
	at grails.plugin.springsecurity.userdetails.GormUserDetailsService.$tt__loadUserByUsername(GormUserDetailsService.groovy:53)
	at grails.plugin.springsecurity.userdetails.GormUserDetailsService.loadUserByUsername(GormUserDetailsService.groovy:71)
	... 6 more
